#
# There is insufficient memory for the Java Runtime Environment to continue.
# Native memory allocation (mmap) failed to map 88080384 bytes for committing reserved memory.
# Possible reasons:
#   The system is out of physical RAM or swap space
#   In 32 bit mode, the process size limit was hit
# Possible solutions:
#   Reduce memory load on the system
#   Increase physical memory or swap space
#   Check if swap backing store is full
#   Use 64 bit Java on a 64 bit OS
#   Decrease Java heap size (-Xmx/-Xms)
#   Decrease number of Java threads
#   Decrease Java thread stack sizes (-Xss)
#   Set larger code cache with -XX:ReservedCodeCacheSize=
# This output file may be truncated or incomplete.
#
#  Out of Memory Error (os_linux.cpp:2627), pid=20467, tid=0x00007fe04ed37700
#
# JRE version:  (8.0_76-b03) (build )
# Java VM: OpenJDK 64-Bit Server VM (25.76-b03 mixed mode linux-amd64 compressed oops)
# Failed to write core dump. Core dumps have been disabled. To enable core dumping, try "ulimit -c unlimited" before starting Java again
#

---------------  T H R E A D  ---------------

Current thread (0x00007fe04800a000):  JavaThread "Unknown thread" [_thread_in_vm, id=20471, stack(0x00007fe04ec37000,0x00007fe04ed38000)]

Stack: [0x00007fe04ec37000,0x00007fe04ed38000],  sp=0x00007fe04ed36620,  free space=1021k
Native frames: (J=compiled Java code, j=interpreted, Vv=VM code, C=native code)
V  [libjvm.so+0x9d9fcd]  VMError::report_and_die()+0x15d
V  [libjvm.so+0x4b4d4a]  report_vm_out_of_memory(char const*, int, unsigned long, VMErrorType, char const*)+0x8a
V  [libjvm.so+0x845190]  os::pd_commit_memory(char*, unsigned long, unsigned long, bool)+0xf0
V  [libjvm.so+0x83fcbf]  os::commit_memory(char*, unsigned long, unsigned long, bool)+0x1f
V  [libjvm.so+0x8b4d9b]  PSVirtualSpace::expand_by(unsigned long)+0x5b
V  [libjvm.so+0x8a6d18]  PSOldGen::initialize(ReservedSpace, unsigned long, char const*, int)+0xa8
V  [libjvm.so+0x2c3793]  AdjoiningGenerations::AdjoiningGenerations(ReservedSpace, GenerationSizer*, unsigned long)+0x353
V  [libjvm.so+0x868921]  ParallelScavengeHeap::initialize()+0x211
V  [libjvm.so+0x9a5e59]  Universe::initialize_heap()+0x189
V  [libjvm.so+0x9a6053]  universe_init()+0x33
V  [libjvm.so+0x5da925]  init_globals()+0x55
V  [libjvm.so+0x989ca3]  Threads::create_vm(JavaVMInitArgs*, bool*)+0x2b3
V  [libjvm.so+0x647c52]  JNI_CreateJavaVM+0x52
C  [libjli.so+0x77c8]  JavaMain+0x88
C  [libpthread.so.0+0x76ba]  start_thread+0xca


---------------  P R O C E S S  ---------------

Java Threads: ( => current thread )

Other Threads:

=>0x00007fe04800a000 (exited) JavaThread "Unknown thread" [_thread_in_vm, id=20471, stack(0x00007fe04ec37000,0x00007fe04ed38000)]

VM state:not at safepoint (not fully initialized)

VM Mutex/Monitor currently owned by a thread: None

GC Heap History (0 events):
No events

Deoptimization events (0 events):
No events

Internal exceptions (0 events):
No events

Events (0 events):
No events


Dynamic libraries:
00400000-00401000 r-xp 00000000 08:01 134891                             /usr/local/android-studio/jre/bin/java
00600000-00601000 r--p 00000000 08:01 134891                             /usr/local/android-studio/jre/bin/java
00601000-00602000 rw-p 00001000 08:01 134891                             /usr/local/android-studio/jre/bin/java
00b1a000-00b3b000 rw-p 00000000 00:00 0                                  [heap]
c5400000-eab00000 ---p 00000000 00:00 0 
eab00000-ed500000 rw-p 00000000 00:00 0 
ed500000-100000000 ---p 00000000 00:00 0 
7fe0385ae000-7fe038823000 rw-p 00000000 00:00 0 
7fe038823000-7fe038978000 ---p 00000000 00:00 0 
7fe038978000-7fe03898e000 rw-p 00000000 00:00 0 
7fe03898e000-7fe038a23000 ---p 00000000 00:00 0 
7fe038a23000-7fe038a2e000 rw-p 00000000 00:00 0 
7fe038a2e000-7fe038de4000 ---p 00000000 00:00 0 
7fe038de4000-7fe039054000 rwxp 00000000 00:00 0 
7fe039054000-7fe047de4000 ---p 00000000 00:00 0 
7fe047de4000-7fe047dfe000 r-xp 00000000 08:01 141361                     /usr/local/android-studio/jre/jre/lib/amd64/libzip.so
7fe047dfe000-7fe047ffe000 ---p 0001a000 08:01 141361                     /usr/local/android-studio/jre/jre/lib/amd64/libzip.so
7fe047ffe000-7fe047fff000 r--p 0001a000 08:01 141361                     /usr/local/android-studio/jre/jre/lib/amd64/libzip.so
7fe047fff000-7fe048000000 rw-p 0001b000 08:01 141361                     /usr/local/android-studio/jre/jre/lib/amd64/libzip.so
7fe048000000-7fe048035000 rw-p 00000000 00:00 0 
7fe048035000-7fe04c000000 ---p 00000000 00:00 0 
7fe04c0b9000-7fe04c0c4000 r-xp 00000000 08:01 944253                     /lib/x86_64-linux-gnu/libnss_files-2.23.so
7fe04c0c4000-7fe04c2c3000 ---p 0000b000 08:01 944253                     /lib/x86_64-linux-gnu/libnss_files-2.23.so
7fe04c2c3000-7fe04c2c4000 r--p 0000a000 08:01 944253                     /lib/x86_64-linux-gnu/libnss_files-2.23.so
7fe04c2c4000-7fe04c2c5000 rw-p 0000b000 08:01 944253                     /lib/x86_64-linux-gnu/libnss_files-2.23.so
7fe04c2c5000-7fe04c2cb000 rw-p 00000000 00:00 0 
7fe04c2cb000-7fe04c2d6000 r-xp 00000000 08:01 944238                     /lib/x86_64-linux-gnu/libnss_nis-2.23.so
7fe04c2d6000-7fe04c4d5000 ---p 0000b000 08:01 944238                     /lib/x86_64-linux-gnu/libnss_nis-2.23.so
7fe04c4d5000-7fe04c4d6000 r--p 0000a000 08:01 944238                     /lib/x86_64-linux-gnu/libnss_nis-2.23.so
7fe04c4d6000-7fe04c4d7000 rw-p 0000b000 08:01 944238                     /lib/x86_64-linux-gnu/libnss_nis-2.23.so
7fe04c4d7000-7fe04c4ed000 r-xp 00000000 08:01 944249                     /lib/x86_64-linux-gnu/libnsl-2.23.so
7fe04c4ed000-7fe04c6ec000 ---p 00016000 08:01 944249                     /lib/x86_64-linux-gnu/libnsl-2.23.so
7fe04c6ec000-7fe04c6ed000 r--p 00015000 08:01 944249                     /lib/x86_64-linux-gnu/libnsl-2.23.so
7fe04c6ed000-7fe04c6ee000 rw-p 00016000 08:01 944249                     /lib/x86_64-linux-gnu/libnsl-2.23.so
7fe04c6ee000-7fe04c6f0000 rw-p 00000000 00:00 0 
7fe04c6f0000-7fe04c6f8000 r-xp 00000000 08:01 944250                     /lib/x86_64-linux-gnu/libnss_compat-2.23.so
7fe04c6f8000-7fe04c8f7000 ---p 00008000 08:01 944250                     /lib/x86_64-linux-gnu/libnss_compat-2.23.so
7fe04c8f7000-7fe04c8f8000 r--p 00007000 08:01 944250                     /lib/x86_64-linux-gnu/libnss_compat-2.23.so
7fe04c8f8000-7fe04c8f9000 rw-p 00008000 08:01 944250                     /lib/x86_64-linux-gnu/libnss_compat-2.23.so
7fe04c8f9000-7fe04c926000 r-xp 00000000 08:01 141371                     /usr/local/android-studio/jre/jre/lib/amd64/libjava.so
7fe04c926000-7fe04cb25000 ---p 0002d000 08:01 141371                     /usr/local/android-studio/jre/jre/lib/amd64/libjava.so
7fe04cb25000-7fe04cb26000 r--p 0002c000 08:01 141371                     /usr/local/android-studio/jre/jre/lib/amd64/libjava.so
7fe04cb26000-7fe04cb28000 rw-p 0002d000 08:01 141371                     /usr/local/android-studio/jre/jre/lib/amd64/libjava.so
7fe04cb28000-7fe04cb38000 r-xp 00000000 08:01 142622                     /usr/local/android-studio/jre/jre/lib/amd64/libverify.so
7fe04cb38000-7fe04cd37000 ---p 00010000 08:01 142622                     /usr/local/android-studio/jre/jre/lib/amd64/libverify.so
7fe04cd37000-7fe04cd39000 r--p 0000f000 08:01 142622                     /usr/local/android-studio/jre/jre/lib/amd64/libverify.so
7fe04cd39000-7fe04cd3a000 rw-p 00011000 08:01 142622                     /usr/local/android-studio/jre/jre/lib/amd64/libverify.so
7fe04cd3a000-7fe04cd41000 r-xp 00000000 08:01 944237                     /lib/x86_64-linux-gnu/librt-2.23.so
7fe04cd41000-7fe04cf40000 ---p 00007000 08:01 944237                     /lib/x86_64-linux-gnu/librt-2.23.so
7fe04cf40000-7fe04cf41000 r--p 00006000 08:01 944237                     /lib/x86_64-linux-gnu/librt-2.23.so
7fe04cf41000-7fe04cf42000 rw-p 00007000 08:01 944237                     /lib/x86_64-linux-gnu/librt-2.23.so
7fe04cf42000-7fe04d04a000 r-xp 00000000 08:01 944247                     /lib/x86_64-linux-gnu/libm-2.23.so
7fe04d04a000-7fe04d249000 ---p 00108000 08:01 944247                     /lib/x86_64-linux-gnu/libm-2.23.so
7fe04d249000-7fe04d24a000 r--p 00107000 08:01 944247                     /lib/x86_64-linux-gnu/libm-2.23.so
7fe04d24a000-7fe04d24b000 rw-p 00108000 08:01 944247                     /lib/x86_64-linux-gnu/libm-2.23.so
7fe04d24b000-7fe04de31000 r-xp 00000000 08:01 142626                     /usr/local/android-studio/jre/jre/lib/amd64/server/libjvm.so
7fe04de31000-7fe04e031000 ---p 00be6000 08:01 142626                     /usr/local/android-studio/jre/jre/lib/amd64/server/libjvm.so
7fe04e031000-7fe04e0d0000 r--p 00be6000 08:01 142626                     /usr/local/android-studio/jre/jre/lib/amd64/server/libjvm.so
7fe04e0d0000-7fe04e0f9000 rw-p 00c85000 08:01 142626                     /usr/local/android-studio/jre/jre/lib/amd64/server/libjvm.so
7fe04e0f9000-7fe04e13b000 rw-p 00000000 00:00 0 
7fe04e13b000-7fe04e153000 r-xp 00000000 08:01 944248                     /lib/x86_64-linux-gnu/libpthread-2.23.so
7fe04e153000-7fe04e352000 ---p 00018000 08:01 944248                     /lib/x86_64-linux-gnu/libpthread-2.23.so
7fe04e352000-7fe04e353000 r--p 00017000 08:01 944248                     /lib/x86_64-linux-gnu/libpthread-2.23.so
7fe04e353000-7fe04e354000 rw-p 00018000 08:01 944248                     /lib/x86_64-linux-gnu/libpthread-2.23.so
7fe04e354000-7fe04e358000 rw-p 00000000 00:00 0 
7fe04e358000-7fe04e35b000 r-xp 00000000 08:01 944241                     /lib/x86_64-linux-gnu/libdl-2.23.so
7fe04e35b000-7fe04e55a000 ---p 00003000 08:01 944241                     /lib/x86_64-linux-gnu/libdl-2.23.so
7fe04e55a000-7fe04e55b000 r--p 00002000 08:01 944241                     /lib/x86_64-linux-gnu/libdl-2.23.so
7fe04e55b000-7fe04e55c000 rw-p 00003000 08:01 944241                     /lib/x86_64-linux-gnu/libdl-2.23.so
7fe04e55c000-7fe04e71b000 r-xp 00000000 08:01 944242                     /lib/x86_64-linux-gnu/libc-2.23.so
7fe04e71b000-7fe04e91b000 ---p 001bf000 08:01 944242                     /lib/x86_64-linux-gnu/libc-2.23.so
7fe04e91b000-7fe04e91f000 r--p 001bf000 08:01 944242                     /lib/x86_64-linux-gnu/libc-2.23.so
7fe04e91f000-7fe04e921000 rw-p 001c3000 08:01 944242                     /lib/x86_64-linux-gnu/libc-2.23.so
7fe04e921000-7fe04e925000 rw-p 00000000 00:00 0 
7fe04e925000-7fe04e93b000 r-xp 00000000 08:01 134865                     /usr/local/android-studio/jre/lib/amd64/jli/libjli.so
7fe04e93b000-7fe04eb3a000 ---p 00016000 08:01 134865                     /usr/local/android-studio/jre/lib/amd64/jli/libjli.so
7fe04eb3a000-7fe04eb3b000 r--p 00015000 08:01 134865                     /usr/local/android-studio/jre/lib/amd64/jli/libjli.so
7fe04eb3b000-7fe04eb3c000 rw-p 00016000 08:01 134865                     /usr/local/android-studio/jre/lib/amd64/jli/libjli.so
7fe04eb3c000-7fe04eb62000 r-xp 00000000 08:01 944231                     /lib/x86_64-linux-gnu/ld-2.23.so
7fe04ec37000-7fe04ec3a000 ---p 00000000 00:00 0 
7fe04ec3a000-7fe04ed3c000 rw-p 00000000 00:00 0 
7fe04ed55000-7fe04ed5d000 rw-s 00000000 08:01 2753                       /tmp/hsperfdata_ian/20467
7fe04ed5d000-7fe04ed5e000 rw-p 00000000 00:00 0 
7fe04ed5e000-7fe04ed5f000 r--p 00000000 00:00 0 
7fe04ed5f000-7fe04ed61000 rw-p 00000000 00:00 0 
7fe04ed61000-7fe04ed62000 r--p 00025000 08:01 944231                     /lib/x86_64-linux-gnu/ld-2.23.so
7fe04ed62000-7fe04ed63000 rw-p 00026000 08:01 944231                     /lib/x86_64-linux-gnu/ld-2.23.so
7fe04ed63000-7fe04ed64000 rw-p 00000000 00:00 0 
7fff50b52000-7fff50b74000 rw-p 00000000 00:00 0                          [stack]
7fff50bf9000-7fff50bfb000 r--p 00000000 00:00 0                          [vvar]
7fff50bfb000-7fff50bfd000 r-xp 00000000 00:00 0                          [vdso]
ffffffffff600000-ffffffffff601000 r-xp 00000000 00:00 0                  [vsyscall]

VM Arguments:
jvm_args: -Djava.awt.headless=true -Xmx1024M -Dfile.encoding=UTF-8 -Duser.country=US -Duser.language=en -Duser.variant 
java_command: com.android.dx.command.Main --dex --force-jumbo --multi-dex --output /home/ian/IntelliJIDEAProjects/opensudoku/app/build/intermediates/transforms/dex/debug/folders/1000/10/com.google.android.gms-play-services-drive-9.8.0_d45b542419032bc679d50ce30ae120de1a3d44b9 /home/ian/IntelliJIDEAProjects/opensudoku/app/build/intermediates/exploded-aar/com.google.android.gms/play-services-drive/9.8.0/jars/classes.jar
java_class_path (initial): /home/ian/Android/Sdk/build-tools/22.0.1/lib/dx.jar
Launcher Type: SUN_STANDARD

Environment Variables:
PATH=/home/ian/.cargo/bin:/home/ian/bin:/home/ian/.local/bin:/usr/local/android-studio/bin:/usr/local/sbin:/usr/local/bin:/usr/sbin:/usr/bin:/sbin:/bin:/usr/games:/usr/local/games:/snap/bin
LD_LIBRARY_PATH=.:
SHELL=/bin/bash
DISPLAY=:0

Signal Handlers:
SIGSEGV: [libjvm.so+0x9daac0], sa_mask[0]=11111111011111111101111111111110, sa_flags=SA_RESTART|SA_SIGINFO
SIGBUS: [libjvm.so+0x9daac0], sa_mask[0]=11111111011111111101111111111110, sa_flags=SA_RESTART|SA_SIGINFO
SIGFPE: [libjvm.so+0x840d90], sa_mask[0]=11111111011111111101111111111110, sa_flags=SA_RESTART|SA_SIGINFO
SIGPIPE: [libjvm.so+0x840d90], sa_mask[0]=11111111011111111101111111111110, sa_flags=SA_RESTART|SA_SIGINFO
SIGXFSZ: [libjvm.so+0x840d90], sa_mask[0]=11111111011111111101111111111110, sa_flags=SA_RESTART|SA_SIGINFO
SIGILL: [libjvm.so+0x840d90], sa_mask[0]=11111111011111111101111111111110, sa_flags=SA_RESTART|SA_SIGINFO
SIGUSR1: SIG_DFL, sa_mask[0]=00000000000000000000000000000000, sa_flags=none
SIGUSR2: [libjvm.so+0x840c60], sa_mask[0]=00100000000000000000000000000000, sa_flags=SA_RESTART|SA_SIGINFO
SIGHUP: SIG_DFL, sa_mask[0]=00000000000000000000000000000000, sa_flags=none
SIGINT: SIG_DFL, sa_mask[0]=00000000000000000000000000000000, sa_flags=none
SIGTERM: SIG_DFL, sa_mask[0]=00000000000000000000000000000000, sa_flags=none
SIGQUIT: SIG_DFL, sa_mask[0]=00000000000000000000000000000000, sa_flags=none


---------------  S Y S T E M  ---------------

OS:DISTRIB_ID=Ubuntu
DISTRIB_RELEASE=16.04
DISTRIB_CODENAME=xenial
DISTRIB_DESCRIPTION="Ubuntu 16.04.1 LTS"

uname:Linux 4.4.0-62-generic #83-Ubuntu SMP Wed Jan 18 14:10:15 UTC 2017 x86_64
libc:glibc 2.23 NPTL 2.23 
rlimit: STACK 8192k, CORE 0k, NPROC 31707, NOFILE 65536, AS infinity
load average:4.56 3.06 3.16

/proc/meminfo:
MemTotal:        8157556 kB
MemFree:          117280 kB
MemAvailable:      32580 kB
Buffers:             352 kB
Cached:           117384 kB
SwapCached:            0 kB
Active:          6205388 kB
Inactive:         103080 kB
Active(anon):    6192380 kB
Inactive(anon):    91432 kB
Active(file):      13008 kB
Inactive(file):    11648 kB
Unevictable:          64 kB
Mlocked:              64 kB
SwapTotal:             0 kB
SwapFree:              0 kB
Dirty:                56 kB
Writeback:            64 kB
AnonPages:       6191196 kB
Mapped:           105408 kB
Shmem:             92680 kB
Slab:             145028 kB
SReclaimable:      79872 kB
SUnreclaim:        65156 kB
KernelStack:       17952 kB
PageTables:        60464 kB
NFS_Unstable:          0 kB
Bounce:                0 kB
WritebackTmp:          0 kB
CommitLimit:     4078776 kB
Committed_AS:   10270940 kB
VmallocTotal:   34359738367 kB
VmallocUsed:           0 kB
VmallocChunk:          0 kB
HardwareCorrupted:     0 kB
AnonHugePages:   3858432 kB
CmaTotal:              0 kB
CmaFree:               0 kB
HugePages_Total:       0
HugePages_Free:        0
HugePages_Rsvd:        0
HugePages_Surp:        0
Hugepagesize:       2048 kB
DirectMap4k:      137024 kB
DirectMap2M:     7202816 kB
DirectMap1G:     3145728 kB


CPU:total 2 (1 cores per cpu, 1 threads per core) family 6 model 70 stepping 1, cmov, cx8, fxsr, mmx, sse, sse2, sse3, ssse3, sse4.1, sse4.2, popcnt, avx, avx2, aes, clmul, erms, lzcnt, tsc, tscinvbit, bmi1, bmi2

/proc/cpuinfo:
processor	: 0
vendor_id	: GenuineIntel
cpu family	: 6
model		: 70
model name	: Intel(R) Core(TM) i7-4980HQ CPU @ 2.80GHz
stepping	: 1
microcode	: 0x13
cpu MHz		: 2792.019
cache size	: 6144 KB
physical id	: 0
siblings	: 1
core id		: 0
cpu cores	: 1
apicid		: 0
initial apicid	: 0
fpu		: yes
fpu_exception	: yes
cpuid level	: 13
wp		: yes
flags		: fpu vme de pse tsc msr pae mce cx8 apic sep mtrr pge mca cmov pat pse36 clflush dts mmx fxsr sse sse2 ss syscall nx pdpe1gb rdtscp lm constant_tsc arch_perfmon pebs bts nopl xtopology tsc_reliable nonstop_tsc aperfmperf eagerfpu pni pclmulqdq vmx ssse3 fma cx16 pcid sse4_1 sse4_2 x2apic movbe popcnt tsc_deadline_timer aes xsave avx f16c rdrand hypervisor lahf_lm abm epb tpr_shadow vnmi ept vpid fsgsbase tsc_adjust bmi1 avx2 smep bmi2 invpcid xsaveopt dtherm ida arat pln pts
bugs		:
bogomips	: 5584.03
clflush size	: 64
cache_alignment	: 64
address sizes	: 42 bits physical, 48 bits virtual
power management:

processor	: 1
vendor_id	: GenuineIntel
cpu family	: 6
model		: 70
model name	: Intel(R) Core(TM) i7-4980HQ CPU @ 2.80GHz
stepping	: 1
microcode	: 0x13
cpu MHz		: 2792.019
cache size	: 6144 KB
physical id	: 2
siblings	: 1
core id		: 0
cpu cores	: 1
apicid		: 2
initial apicid	: 2
fpu		: yes
fpu_exception	: yes
cpuid level	: 13
wp		: yes
flags		: fpu vme de pse tsc msr pae mce cx8 apic sep mtrr pge mca cmov pat pse36 clflush dts mmx fxsr sse sse2 ss syscall nx pdpe1gb rdtscp lm constant_tsc arch_perfmon pebs bts nopl xtopology tsc_reliable nonstop_tsc aperfmperf eagerfpu pni pclmulqdq vmx ssse3 fma cx16 pcid sse4_1 sse4_2 x2apic movbe popcnt tsc_deadline_timer aes xsave avx f16c rdrand hypervisor lahf_lm abm epb tpr_shadow vnmi ept vpid fsgsbase tsc_adjust bmi1 avx2 smep bmi2 invpcid xsaveopt dtherm ida arat pln pts
bugs		:
bogomips	: 5584.03
clflush size	: 64
cache_alignment	: 64
address sizes	: 42 bits physical, 48 bits virtual
power management:



Memory: 4k page, physical 8157556k(117280k free), swap 0k(0k free)

vm_info: OpenJDK 64-Bit Server VM (25.76-b03) for linux-amd64 JRE (1.8.0_76-release-b03), built on Jun 29 2016 09:39:19 by "builder" with gcc 4.8.4

time: Thu Feb 16 21:40:53 2017
elapsed time: 1 seconds (0d 0h 0m 1s)

